0 info it worked if it ends with ok
1 verbose cli [ 'C:\\Program Files\\nodejs\\\\node.exe',
1 verbose cli   'C:\\Program Files\\nodejs\\node_modules\\npm\\bin\\npm-cli.js',
1 verbose cli   'publish' ]
2 info using npm@2.9.1
3 info using node@v0.12.3
4 verbose node symlink C:\Program Files\nodejs\\node.exe
5 verbose publish [ '.' ]
6 silly cache add args [ '.', null ]
7 verbose cache add spec .
8 silly cache add parsed spec { raw: '.',
8 silly cache add   scope: null,
8 silly cache add   name: null,
8 silly cache add   rawSpec: '.',
8 silly cache add   spec: 'C:\\Users\\yuqian\\Documents\\Github\\generator-thinkphp',
8 silly cache add   type: 'directory' }
9 verbose addLocalDirectory C:\Users\yuqian\AppData\Roaming\npm-cache\generator-thinkphp\0.2.22\package.tgz not in flight; packing
10 verbose tar pack [ 'C:\\Users\\yuqian\\AppData\\Roaming\\npm-cache\\generator-thinkphp\\0.2.22\\package.tgz',
10 verbose tar pack   'C:\\Users\\yuqian\\Documents\\Github\\generator-thinkphp' ]
11 verbose tarball C:\Users\yuqian\AppData\Roaming\npm-cache\generator-thinkphp\0.2.22\package.tgz
12 verbose folder C:\Users\yuqian\Documents\Github\generator-thinkphp
13 info prepublish generator-thinkphp@0.2.22
14 verbose addLocalTarball adding from inside cache C:\Users\yuqian\AppData\Roaming\npm-cache\generator-thinkphp\0.2.22\package.tgz
15 silly cache afterAdd generator-thinkphp@0.2.22
16 verbose afterAdd C:\Users\yuqian\AppData\Roaming\npm-cache\generator-thinkphp\0.2.22\package\package.json not in flight; writing
17 verbose afterAdd C:\Users\yuqian\AppData\Roaming\npm-cache\generator-thinkphp\0.2.22\package\package.json written
18 silly publish { name: 'generator-thinkphp',
18 silly publish   version: '0.2.22',
18 silly publish   description: 'Yeoman generator for thinkphp',
18 silly publish   main: 'index.js',
18 silly publish   files: [ 'app', 'controller', 'model', 'space' ],
18 silly publish   keywords: [ 'yeoman-generator', 'generator', 'thinkphp' ],
18 silly publish   author: { name: 'discountry' },
18 silly publish   license: 'MIT',
18 silly publish   repository:
18 silly publish    { type: 'git',
18 silly publish      url: 'git+https://github.com/discountry/generator-thinkphp.git' },
18 silly publish   scripts: { test: 'mocha' },
18 silly publish   dependencies:
18 silly publish    { chalk: '^1.1.1',
18 silly publish      lodash: '^3.10.1',
18 silly publish      mkdirp: '^0.5.1',
18 silly publish      'yeoman-generator': '^0.20.1',
18 silly publish      mocha: '*' },
18 silly publish   readme: '# generator-thinkphp\r\n\r\n> Yeoman generator for ThinkPHP - Create ThinkPHP Project and generate Controller/Model/View for it.\r\n\r\n\r\n##Usage\r\n\r\nInstall `Composer` [Read more about composer](https://getcomposer.org/)\r\n```\r\ncurl -sS https://getcomposer.org/installer | php\r\nmv composer.phar /usr/local/bin/composer\r\n```\r\n\r\n\r\nInstall `yo` and `generator-thinkphp` [Read more about Yeoman](http://yeoman.io/)\r\n```\r\nnpm install -g yo generator-thinkphp\r\n```\r\n\r\nMake a new directory, and `cd` into it:\r\n```\r\nmkdir my-new-project && cd $_\r\n```\r\n\r\nRun `yo thinkphp` to init your project, and follow the steps:\r\n```\r\nyo thinkphp\r\n```\r\n\r\n## Generators\r\n\r\nAvailable generators:\r\n\r\n* [thinkphp](#app) (aka [thinkphp:app](#app))\r\n* [thinkphp:controller](#controller)\r\n* [thinkphp:model](#model)\r\n* [thinkphp:space](#space)\r\n\r\n### App\r\n\r\nCreate a new project using [ThinkPHP](https://github.com/liu21st/thinkphp) and using [Composer](https://getcomposer.org/).\r\n\r\nExample:\r\n```bash\r\nyo thinkphp\r\n```\r\n\r\n### Controller\r\n\r\nGenerates a controller and view for your app. Command like `yo thinkphp:controller [classedName] [spaceName]`.\r\n\r\n**The `classedName` is required value, without it will get error.**\r\n\r\n**The default `spaceName` is `Home` and it\'s optional.**\r\n\r\nExample:\r\n```bash\r\nyo thinkphp:controller Index Home\r\n```\r\n\r\nProduces `app/Home/Controller/IndexController.class.php`:\r\n```php\r\n<?php\r\nnamespace Home\\Controller;\r\nuse Think\\Controller;\r\nclass IndexController extends Controller {\r\n\r\n    public function index(){\r\n    \t//\r\n        $this->display();\r\n    }\r\n\r\n}\r\n```\r\n\r\nProduces `app/Home/View/index.html`:\r\n\r\n```html\r\n<extend name="base" />\r\n<block name="content">\r\n\t<<h1>Index</h1>\r\n</block>\r\n```\r\n\r\n### Model\r\n\r\nMuch like Controller generator, it generates a plain model for your Project.\r\n\r\nExample:\r\n```bash\r\nyo thinkphp:model User Home\r\n```\r\n\r\nProduces `app/Home/Model/UserModel.class.php`:\r\n```php\r\n<?php\r\nnamespace Home\\Model;\r\nuse Think\\Model;\r\nclass UserModel extends Model {\r\n\t//\r\n    protected $tableName = \'User\'; \r\n\r\n}\r\n```\r\n\r\n### Space\r\n\r\nCreate a new namespace folder for you app.\r\n\r\nExample:\r\n```bash\r\nyo thinkphp:space Admin\r\n```\r\n\r\nProduces `app/Admin` folder and default files in your project.\r\n\r\n* Admin \r\n\t* Common\r\n\t* Conf \r\n\t* Controller \r\n\t* Model \r\n\t* View \r\n\t* index.html\r\n\r\n## About \r\n\r\nAdd command line tools for ThinkPHP. Just like [Laravel](http://laravel.com)\'s `php artisan`\r\n\r\n## License\r\n\r\nMIT\r\n',
18 silly publish   readmeFilename: 'README.md',
18 silly publish   gitHead: '02d1b11688c1779110325cd205b5f03717f7b959',
18 silly publish   bugs: { url: 'https://github.com/discountry/generator-thinkphp/issues' },
18 silly publish   homepage: 'https://github.com/discountry/generator-thinkphp#readme',
18 silly publish   _id: 'generator-thinkphp@0.2.22',
18 silly publish   _shasum: '415f84e218d260a1f49fb0073d3f378c2657351d',
18 silly publish   _from: '.' }
19 verbose getPublishConfig undefined
20 silly mapToRegistry name generator-thinkphp
21 silly mapToRegistry using default registry
22 silly mapToRegistry registry https://registry.npmjs.org/
23 silly mapToRegistry uri https://registry.npmjs.org/generator-thinkphp
24 verbose publish registryBase https://registry.npmjs.org/
25 silly publish uploading C:\Users\yuqian\AppData\Roaming\npm-cache\generator-thinkphp\0.2.22\package.tgz
26 verbose request uri https://registry.npmjs.org/generator-thinkphp
27 verbose request sending authorization for write operation
28 info attempt registry request try #1 at 21:51:16
29 verbose request using bearer token for auth
30 verbose request id 8a64dd6e682777d4
31 http request PUT https://registry.npmjs.org/generator-thinkphp
32 http 403 https://registry.npmjs.org/generator-thinkphp
33 verbose headers { 'content-type': 'application/json',
33 verbose headers   'cache-control': 'max-age=60',
33 verbose headers   'content-length': '96',
33 verbose headers   'accept-ranges': 'bytes',
33 verbose headers   date: 'Fri, 04 Sep 2015 13:51:04 GMT',
33 verbose headers   via: '1.1 varnish',
33 verbose headers   connection: 'keep-alive',
33 verbose headers   'x-served-by': 'cache-itm7421-ITM',
33 verbose headers   'x-cache': 'MISS',
33 verbose headers   'x-cache-hits': '0',
33 verbose headers   'x-timer': 'S1441374663.935351,VS0,VE809' }
34 verbose request invalidating C:\Users\yuqian\AppData\Roaming\npm-cache\registry.npmjs.org\generator-thinkphp on PUT
35 error publish Failed PUT 403
36 verbose stack Error: "You cannot publish over the previously published version 0.2.22." : generator-thinkphp
36 verbose stack     at CachingRegistryClient.<anonymous> (C:\Program Files\nodejs\node_modules\npm\node_modules\npm-registry-client\lib\request.js:247:14)
36 verbose stack     at Request._callback (C:\Program Files\nodejs\node_modules\npm\node_modules\npm-registry-client\lib\request.js:170:14)
36 verbose stack     at Request.self.callback (C:\Program Files\nodejs\node_modules\npm\node_modules\request\request.js:368:22)
36 verbose stack     at Request.emit (events.js:110:17)
36 verbose stack     at Request.<anonymous> (C:\Program Files\nodejs\node_modules\npm\node_modules\request\request.js:1219:14)
36 verbose stack     at Request.emit (events.js:129:20)
36 verbose stack     at IncomingMessage.<anonymous> (C:\Program Files\nodejs\node_modules\npm\node_modules\request\request.js:1167:12)
36 verbose stack     at IncomingMessage.emit (events.js:129:20)
36 verbose stack     at _stream_readable.js:908:16
36 verbose stack     at process._tickCallback (node.js:355:11)
37 verbose statusCode 403
38 verbose pkgid generator-thinkphp
39 verbose cwd C:\Users\yuqian\Documents\Github\generator-thinkphp
40 error Windows_NT 6.3.9600
41 error argv "C:\\Program Files\\nodejs\\\\node.exe" "C:\\Program Files\\nodejs\\node_modules\\npm\\bin\\npm-cli.js" "publish"
42 error node v0.12.3
43 error npm  v2.9.1
44 error code E403
45 error "You cannot publish over the previously published version 0.2.22." : generator-thinkphp
46 error If you need help, you may report this error at:
46 error     <https://github.com/npm/npm/issues>
47 verbose exit [ 1, true ]
